
> game-api@0.0.1 start:dev
> nest start --watch

[2J[3J[H[[90m11:50:29 AM[0m] Starting compilation in watch mode...

[[90m11:50:30 AM[0m] Found 0 errors. Watching for file changes.

(node:48945) [DEP0190] DeprecationWarning: Passing args to a child process with shell option true can lead to security vulnerabilities, as the arguments are not escaped, only concatenated.
(Use `node --trace-deprecation ...` to show where the warning was created)
[32m[Nest] 48948  - [39m03/06/2026, 11:50:31 AM [32m    LOG[39m [38;5;3m[NestFactory] [39m[32mStarting Nest application...[39m
[32m[Nest] 48948  - [39m03/06/2026, 11:50:31 AM [32m    LOG[39m [38;5;3m[InstanceLoader] [39m[32mAppModule dependencies initialized[39m[38;5;3m +7ms[39m
[32m[Nest] 48948  - [39m03/06/2026, 11:50:31 AM [32m    LOG[39m [38;5;3m[InstanceLoader] [39m[32mPassportModule dependencies initialized[39m[38;5;3m +9ms[39m
[32m[Nest] 48948  - [39m03/06/2026, 11:50:31 AM [32m    LOG[39m [38;5;3m[InstanceLoader] [39m[32mJwtModule dependencies initialized[39m[38;5;3m +9ms[39m
[32m[Nest] 48948  - [39m03/06/2026, 11:50:31 AM [32m    LOG[39m [38;5;3m[InstanceLoader] [39m[32mAnimalsModule dependencies initialized[39m[38;5;3m +2ms[39m
[32m[Nest] 48948  - [39m03/06/2026, 11:50:31 AM [32m    LOG[39m [38;5;3m[InstanceLoader] [39m[32mProgressModule dependencies initialized[39m[38;5;3m +0ms[39m
[32m[Nest] 48948  - [39m03/06/2026, 11:50:31 AM [32m    LOG[39m [38;5;3m[InstanceLoader] [39m[32mAuthModule dependencies initialized[39m[38;5;3m +0ms[39m
[32m[Nest] 48948  - [39m03/06/2026, 11:50:31 AM [32m    LOG[39m [38;5;3m[RoutesResolver] [39m[32mAuthController {/auth}:[39m[38;5;3m +2ms[39m
[32m[Nest] 48948  - [39m03/06/2026, 11:50:31 AM [32m    LOG[39m [38;5;3m[RouterExplorer] [39m[32mMapped {/auth/register, POST} route[39m[38;5;3m +1ms[39m
[32m[Nest] 48948  - [39m03/06/2026, 11:50:31 AM [32m    LOG[39m [38;5;3m[RouterExplorer] [39m[32mMapped {/auth/login, POST} route[39m[38;5;3m +0ms[39m
[32m[Nest] 48948  - [39m03/06/2026, 11:50:31 AM [32m    LOG[39m [38;5;3m[RouterExplorer] [39m[32mMapped {/auth/logout, POST} route[39m[38;5;3m +1ms[39m
[32m[Nest] 48948  - [39m03/06/2026, 11:50:31 AM [32m    LOG[39m [38;5;3m[RouterExplorer] [39m[32mMapped {/auth/me, GET} route[39m[38;5;3m +0ms[39m
[32m[Nest] 48948  - [39m03/06/2026, 11:50:31 AM [32m    LOG[39m [38;5;3m[RoutesResolver] [39m[32mAnimalsController {/animals}:[39m[38;5;3m +0ms[39m
[32m[Nest] 48948  - [39m03/06/2026, 11:50:31 AM [32m    LOG[39m [38;5;3m[RouterExplorer] [39m[32mMapped {/animals, GET} route[39m[38;5;3m +0ms[39m
[32m[Nest] 48948  - [39m03/06/2026, 11:50:31 AM [32m    LOG[39m [38;5;3m[RoutesResolver] [39m[32mProgressController {/progress}:[39m[38;5;3m +0ms[39m
[32m[Nest] 48948  - [39m03/06/2026, 11:50:31 AM [32m    LOG[39m [38;5;3m[RouterExplorer] [39m[32mMapped {/progress, GET} route[39m[38;5;3m +0ms[39m
[32m[Nest] 48948  - [39m03/06/2026, 11:50:31 AM [32m    LOG[39m [38;5;3m[RouterExplorer] [39m[32mMapped {/progress, PUT} route[39m[38;5;3m +0ms[39m
[32m[Nest] 48948  - [39m03/06/2026, 11:50:31 AM [32m    LOG[39m [38;5;3m[NestApplication] [39m[32mNest application successfully started[39m[38;5;3m +674ms[39m
🚀 Application running on http://localhost:3001
[2J[3J[H[[90m12:11:04 PM[0m] File change detected. Starting incremental compilation...

[[90m12:11:04 PM[0m] Found 0 errors. Watching for file changes.

[32m[Nest] 50703  - [39m03/06/2026, 12:11:05 PM [32m    LOG[39m [38;5;3m[NestFactory] [39m[32mStarting Nest application...[39m
[32m[Nest] 50703  - [39m03/06/2026, 12:11:05 PM [32m    LOG[39m [38;5;3m[InstanceLoader] [39m[32mAppModule dependencies initialized[39m[38;5;3m +7ms[39m
[32m[Nest] 50703  - [39m03/06/2026, 12:11:05 PM [32m    LOG[39m [38;5;3m[InstanceLoader] [39m[32mPassportModule dependencies initialized[39m[38;5;3m +476ms[39m
[32m[Nest] 50703  - [39m03/06/2026, 12:11:05 PM [32m    LOG[39m [38;5;3m[InstanceLoader] [39m[32mJwtModule dependencies initialized[39m[38;5;3m +38ms[39m
[32m[Nest] 50703  - [39m03/06/2026, 12:11:05 PM [32m    LOG[39m [38;5;3m[InstanceLoader] [39m[32mAnimalsModule dependencies initialized[39m[38;5;3m +9ms[39m
[32m[Nest] 50703  - [39m03/06/2026, 12:11:05 PM [32m    LOG[39m [38;5;3m[InstanceLoader] [39m[32mProgressModule dependencies initialized[39m[38;5;3m +1ms[39m
[32m[Nest] 50703  - [39m03/06/2026, 12:11:05 PM [32m    LOG[39m [38;5;3m[InstanceLoader] [39m[32mAuthModule dependencies initialized[39m[38;5;3m +0ms[39m
[32m[Nest] 50703  - [39m03/06/2026, 12:11:05 PM [32m    LOG[39m [38;5;3m[RoutesResolver] [39m[32mAuthController {/auth}:[39m[38;5;3m +4ms[39m
[32m[Nest] 50703  - [39m03/06/2026, 12:11:05 PM [32m    LOG[39m [38;5;3m[RouterExplorer] [39m[32mMapped {/auth/register, POST} route[39m[38;5;3m +3ms[39m
[32m[Nest] 50703  - [39m03/06/2026, 12:11:05 PM [32m    LOG[39m [38;5;3m[RouterExplorer] [39m[32mMapped {/auth/login, POST} route[39m[38;5;3m +0ms[39m
[32m[Nest] 50703  - [39m03/06/2026, 12:11:05 PM [32m    LOG[39m [38;5;3m[RouterExplorer] [39m[32mMapped {/auth/logout, POST} route[39m[38;5;3m +1ms[39m
[32m[Nest] 50703  - [39m03/06/2026, 12:11:05 PM [32m    LOG[39m [38;5;3m[RouterExplorer] [39m[32mMapped {/auth/me, GET} route[39m[38;5;3m +0ms[39m
[32m[Nest] 50703  - [39m03/06/2026, 12:11:05 PM [32m    LOG[39m [38;5;3m[RoutesResolver] [39m[32mAnimalsController {/animals}:[39m[38;5;3m +0ms[39m
[32m[Nest] 50703  - [39m03/06/2026, 12:11:05 PM [32m    LOG[39m [38;5;3m[RouterExplorer] [39m[32mMapped {/animals, GET} route[39m[38;5;3m +1ms[39m
[32m[Nest] 50703  - [39m03/06/2026, 12:11:05 PM [32m    LOG[39m [38;5;3m[RoutesResolver] [39m[32mProgressController {/progress}:[39m[38;5;3m +0ms[39m
[32m[Nest] 50703  - [39m03/06/2026, 12:11:05 PM [32m    LOG[39m [38;5;3m[RouterExplorer] [39m[32mMapped {/progress, GET} route[39m[38;5;3m +0ms[39m
[32m[Nest] 50703  - [39m03/06/2026, 12:11:05 PM [32m    LOG[39m [38;5;3m[RouterExplorer] [39m[32mMapped {/progress, PUT} route[39m[38;5;3m +1ms[39m
[32m[Nest] 50703  - [39m03/06/2026, 12:11:06 PM [32m    LOG[39m [38;5;3m[NestApplication] [39m[32mNest application successfully started[39m[38;5;3m +726ms[39m
[31m[Nest] 50703  - [39m03/06/2026, 12:11:06 PM [31m  ERROR[39m [38;5;3m[NestApplication] [39m[31mError: listen EADDRINUSE: address already in use :::3001[39m[38;5;3m +1ms[39m
node:net:1940
    const ex = new UVExceptionWithHostPort(err, 'listen', address, port);
               ^

Error: listen EADDRINUSE: address already in use :::3001
    at Server.setupListenHandle [as _listen2] (node:net:1940:16)
    at listenInCluster (node:net:1997:12)
    at Server.listen (node:net:2102:7)
    at ExpressAdapter.listen (/Users/bamsi/game-api/node_modules/@nestjs/platform-express/adapters/express-adapter.js:95:32)
    at /Users/bamsi/game-api/node_modules/@nestjs/core/nest-application.js:183:30
    at new Promise (<anonymous>)
    at NestApplication.listen (/Users/bamsi/game-api/node_modules/@nestjs/core/nest-application.js:173:16)
    at async bootstrap (/Users/bamsi/game-api/src/main.ts:28:3) {
  code: 'EADDRINUSE',
  errno: -48,
  syscall: 'listen',
  address: '::',
  port: 3001
}

Node.js v24.12.0
